生成启动时间为 2018/6/26 22:29:43。
     1>项目“H:\162054218  毛涛\数据结构课程设计\数据结构课程设计\数据结构课程设计.vcxproj”在节点 2 上(build 个目标)。
     1>InitializeBuildStatus:
         正在创建“Debug\数据结构课程设计.unsuccessfulbuild”，因为已指定“AlwaysCreate”。
       ClCompile:
         C:\Program Files (x86)\Microsoft Visual Studio 10.0\VC\bin\CL.exe /c /ZI /nologo /W3 /WX- /Od /Oy- /D WIN32 /D _DEBUG /D _CONSOLE /D _UNICODE /D UNICODE /Gm /EHsc /RTC1 /MDd /GS /fp:precise /Zc:wchar_t /Zc:forScope /Fo"Debug\\" /Fd"Debug\vc100.pdb" /Gd /TP /analyze- /errorReport:prompt "主.cpp"
         主.cpp
     1>h:\162054218  毛涛\数据结构课程设计\数据结构课程设计\主.cpp(91): warning C4101: “j”: 未引用的局部变量
       ManifestResourceCompile:
         C:\Program Files (x86)\Microsoft SDKs\Windows\v7.0A\bin\rc.exe /nologo /fo"Debug\数据结构课程设计.exe.embed.manifest.res" "Debug\数据结构课程设计_manifest.rc" 
       Link:
         C:\Program Files (x86)\Microsoft Visual Studio 10.0\VC\bin\link.exe /ERRORREPORT:PROMPT /OUT:"H:\162054218  毛涛\数据结构课程设计\Debug\数据结构课程设计.exe" /INCREMENTAL /NOLOGO kernel32.lib user32.lib gdi32.lib winspool.lib comdlg32.lib advapi32.lib shell32.lib ole32.lib oleaut32.lib uuid.lib odbc32.lib odbccp32.lib /MANIFEST /ManifestFile:"Debug\数据结构课程设计.exe.intermediate.manifest" /MANIFESTUAC:"level='asInvoker' uiAccess='false'" /DEBUG /PDB:"H:\162054218  毛涛\数据结构课程设计\Debug\数据结构课程设计.pdb" /SUBSYSTEM:CONSOLE /TLBID:1 /DYNAMICBASE /NXCOMPAT /IMPLIB:"H:\162054218  毛涛\数据结构课程设计\Debug\数据结构课程设计.lib" /MACHINE:X86 "Debug\数据结构课程设计.exe.embed.manifest.res"
         "Debug\主.obj"
       Manifest:
         C:\Program Files (x86)\Microsoft SDKs\Windows\v7.0A\bin\mt.exe /nologo /verbose /out:"Debug\数据结构课程设计.exe.embed.manifest" /manifest "Debug\数据结构课程设计.exe.intermediate.manifest"
         所有输出均为最新。
       LinkEmbedManifest:
         所有输出均为最新。
         数据结构课程设计.vcxproj -> H:\162054218  毛涛\数据结构课程设计\Debug\数据结构课程设计.exe
       FinalizeBuildStatus:
         正在删除文件“Debug\数据结构课程设计.unsuccessfulbuild”。
         正在对“Debug\数据结构课程设计.lastbuildstate”执行 Touch 任务。
     1>已完成生成项目“H:\162054218  毛涛\数据结构课程设计\数据结构课程设计\数据结构课程设计.vcxproj”(build 个目标)的操作。

生成成功。

已用时间 00:00:26.97
